<?xml version="1.0" encoding="UTF-8"?>
<testsuite xmlns:xsi="http://www.w3.org/2001/XMLSchema-instance" xsi:noNamespaceSchemaLocation="https://maven.apache.org/surefire/maven-surefire-plugin/xsd/surefire-test-report.xsd" version="3.0.2" name="com.gyuan.supermaket.SupermaketApplicationTests" time="2.208" tests="1" errors="0" skipped="0" failures="0">
  <properties>
[...]
</properties>
  <testcase name="contextLoads" classname="com.gyuan.supermaket.SupermaketApplicationTests" time="0.962">
    <system-out><![CDATA[16:41:30.437 [main] INFO org.springframework.test.context.support.AnnotationConfigContextLoaderUtils -- Could not detect default configuration classes for test class [com.gyuan.supermaket.SupermaketApplicationTests]: SupermaketApplicationTests does not declare any static, non-private, non-final, nested classes annotated with @Configuration.
16:41:30.559 [main] INFO org.springframework.boot.test.context.SpringBootTestContextBootstrapper -- Found @SpringBootConfiguration com.gyuan.supermaket.SupermaketApplication for test class com.gyuan.supermaket.SupermaketApplicationTests

  .   ____          _            __ _ _
 /\\ / ___'_ __ _ _(_)_ __  __ _ \ \ \ \
( ( )\___ | '_ | '_| | '_ \/ _` | \ \ \ \
 \\/  ___)| |_)| | | | | || (_| |  ) ) ) )
  '  |____| .__|_| |_|_| |_\__, | / / / /
 =========|_|==============|___/=/_/_/_/

 :: Spring Boot ::                (v3.5.4)

2025-08-20T16:41:31.092+08:00  INFO 21412 --- [supermaket] [           main] c.g.s.SupermaketApplicationTests         : Starting SupermaketApplicationTests using Java 21.0.8 with PID 21412 (started by gyuan in C:\Users\gyuan\eclipse-workspace\supermaket)
2025-08-20T16:41:31.094+08:00  INFO 21412 --- [supermaket] [           main] c.g.s.SupermaketApplicationTests         : No active profile set, falling back to 1 default profile: "default"
2025-08-20T16:41:31.534+08:00  INFO 21412 --- [supermaket] [           main] c.g.s.SupermaketApplicationTests         : Started SupermaketApplicationTests in 0.792 seconds (process running for 1.83)
]]></system-out>
    <system-err><![CDATA[Mockito is currently self-attaching to enable the inline-mock-maker. This will no longer work in future releases of the JDK. Please add Mockito as an agent to your build as described in Mockito's documentation: https://javadoc.io/doc/org.mockito/mockito-core/latest/org.mockito/org/mockito/Mockito.html#0.3
WARNING: A Java agent has been loaded dynamically (C:\Users\gyuan\mavenrepo\net\bytebuddy\byte-buddy-agent\1.17.6\byte-buddy-agent-1.17.6.jar)
WARNING: If a serviceability tool is in use, please run with -XX:+EnableDynamicAgentLoading to hide this warning
WARNING: If a serviceability tool is not in use, please run with -Djdk.instrument.traceUsage for more information
WARNING: Dynamic loading of agents will be disallowed by default in a future release
]]></system-err>
  </testcase>
</testsuite>